<?xml version="1.0" encoding="UTF-8"?>
<testng-results skipped="0" failed="0" total="1" passed="1">
  <reporter-output>
  </reporter-output>
  <suite name="Default suite" duration-ms="13085" started-at="2016-08-10T19:18:48Z" finished-at="2016-08-10T19:19:01Z">
    <groups>
    </groups>
    <test name="Default test" duration-ms="13085" started-at="2016-08-10T19:18:48Z" finished-at="2016-08-10T19:19:01Z">
      <class name="com.bn.model.WalmartLoginModel">
        <test-method status="PASS" signature="appTest()[pri:0, instance:com.bn.model.WalmartLoginModel@a21a3d]" name="appTest" duration-ms="12979" started-at="2016-08-10T15:18:48Z" finished-at="2016-08-10T15:19:01Z">
          <reporter-output>
          </reporter-output>
        </test-method> <!-- appTest -->
      </class> <!-- com.bn.model.WalmartLoginModel -->
    </test> <!-- Default test -->
  </suite> <!-- Default suite -->
</testng-results>
